#
# A fatal error has been detected by the Java Runtime Environment:
#
#  Internal Error (javaClasses.cpp:129), pid=6904, tid=9088
#  fatal error: Invalid layout of preloaded class
#
# JRE version: 7.0_09-b05
# Java VM: Java HotSpot(TM) 64-Bit Server VM (23.5-b02 mixed mode windows-amd64 compressed oops)
# Failed to write core dump. Minidumps are not enabled by default on client versions of Windows
#
# If you would like to submit a bug report, please visit:
#   http://bugreport.sun.com/bugreport/crash.jsp
#

---------------  T H R E A D  ---------------

Current thread (0x000000000246c800):  JavaThread "Unknown thread" [_thread_in_vm, id=9088, stack(0x0000000002ac0000,0x0000000002bc0000)]

Stack: [0x0000000002ac0000,0x0000000002bc0000]

---------------  P R O C E S S  ---------------

Java Threads: ( => current thread )

Other Threads:

=>0x000000000246c800 (exited) JavaThread "Unknown thread" [_thread_in_vm, id=9088, stack(0x0000000002ac0000,0x0000000002bc0000)]

VM state:not at safepoint (not fully initialized)

VM Mutex/Monitor currently owned by a thread: None

GC Heap History (0 events):
No events

Deoptimization events (0 events):
No events

Internal exceptions (0 events):
No events

Events (10 events):
Event: 0.008 loading class 0x00000000023ec3d0 done
Event: 0.008 loading class 0x00000000023a2540 done
Event: 0.008 loading class 0x00000000023a2510
Event: 0.008 loading class 0x00000000023f4e20
Event: 0.008 loading class 0x00000000023f4e20 done
Event: 0.008 loading class 0x00000000023f4e60
Event: 0.008 loading class 0x00000000023f4e60 done
Event: 0.008 loading class 0x0000000002409770
Event: 0.008 loading class 0x0000000002409770 done
Event: 0.008 loading class 0x00000000023a2510 done


Dynamic libraries:
0x000000013fc60000 - 0x000000013fc94000 	C:\Program Files\Java\jre7\bin\javaw.exe
0x0000000077690000 - 0x0000000077839000 	C:\Windows\SYSTEM32\ntdll.dll
0x0000000077570000 - 0x000000007768f000 	C:\Windows\system32\kernel32.dll
0x000007fefde50000 - 0x000007fefdebb000 	C:\Windows\system32\KERNELBASE.dll
0x0000000074ea0000 - 0x0000000074f36000 	C:\Windows\System32\SYSFER.DLL
0x000007fefe0a0000 - 0x000007fefe17b000 	C:\Windows\system32\ADVAPI32.dll
0x000007fefe220000 - 0x000007fefe2bf000 	C:\Windows\system32\msvcrt.dll
0x000007fefe180000 - 0x000007fefe19f000 	C:\Windows\SYSTEM32\sechost.dll
0x000007feff450000 - 0x000007feff57d000 	C:\Windows\system32\RPCRT4.dll
0x0000000077310000 - 0x000000007740a000 	C:\Windows\system32\USER32.dll
0x000007feff580000 - 0x000007feff5e7000 	C:\Windows\system32\GDI32.dll
0x000007fefe2c0000 - 0x000007fefe2ce000 	C:\Windows\system32\LPK.dll
0x000007feff200000 - 0x000007feff2c9000 	C:\Windows\system32\USP10.dll
0x000007fefc730000 - 0x000007fefc924000 	C:\Windows\WinSxS\amd64_microsoft.windows.common-controls_6595b64144ccf1df_6.0.7601.17514_none_fa396087175ac9ac\COMCTL32.dll
0x000007fefe350000 - 0x000007fefe3c1000 	C:\Windows\system32\SHLWAPI.dll
0x000007fefe320000 - 0x000007fefe34e000 	C:\Windows\system32\IMM32.DLL
0x000007feff610000 - 0x000007feff719000 	C:\Windows\system32\MSCTF.dll
0x0000000180000000 - 0x000000018000a000 	C:\Windows\KATRK64.DLL
0x000007fefcdb0000 - 0x000007fefcdc1000 	C:\Windows\system32\WTSAPI32.dll
0x000000006d610000 - 0x000000006d6e1000 	C:\Program Files\Java\jre7\bin\msvcr100.dll
0x000000006cef0000 - 0x000000006d60f000 	C:\Program Files\Java\jre7\bin\server\jvm.dll
0x000007fef6710000 - 0x000007fef6719000 	C:\Windows\system32\WSOCK32.dll
0x000007fefe2d0000 - 0x000007fefe31d000 	C:\Windows\system32\WS2_32.dll
0x000007feff990000 - 0x000007feff998000 	C:\Windows\system32\NSI.dll
0x000007fefbee0000 - 0x000007fefbf1b000 	C:\Windows\system32\WINMM.dll
0x0000000077850000 - 0x0000000077857000 	C:\Windows\system32\PSAPI.DLL
0x0000000074e10000 - 0x0000000074e1f000 	C:\Program Files\Java\jre7\bin\verify.dll
0x0000000074de0000 - 0x0000000074e08000 	C:\Program Files\Java\jre7\bin\java.dll
0x0000000074dc0000 - 0x0000000074dd5000 	C:\Program Files\Java\jre7\bin\zip.dll

VM Arguments:
jvm_args: -Dfile.encoding=Cp1252 -Xbootclasspath:C:\AndroidSDK\sdk\platforms\android-17\android.jar 
java_command: networking.Client
Launcher Type: SUN_STANDARD

Environment Variables:
CLASSPATH=.;C:\Program Files (x86)\Java\jre7\lib\ext\QTJava.zip
PATH=C:\Windows\system32;C:\Windows;C:\Windows\System32\Wbem;C:\Windows\System32\WindowsPowerShell\v1.0\;C:\Program Files\Java\jdk1.7;C:\Program Files\Java\jdk1.7\bin;C:\Program Files\Java\jdk1.7\jre;C:\Program Files\Java\jdk1.7\jre\bin;C:\Program Files\Java\jdk1.7\jre\bin\server;C:\Program Files\Java\jre7;C:\Program Files\Java\jre7\bin;C:\Program Files\Java\jre7\bin\server;C:\Program Files (x86)\Java\jre7;C:\Program Files (x86)\Java\jre7\bin;C:\Program Files (x86)\Java\jre7\bin\client;C:\Program Files (x86)\QuickTime\QTSystem\;C:\MATLAB\R2012a\runtime\win64;C:\MATLAB\R2012a\bin;C:\MinGW\bin;C:\MinGW;C:\MinGW\msys\1.0;C:\Program Files\TortoiseSVN\bin;C:\Program Files (x86)\WinMerge;C:\Program Files (x86)\MEGA5.1;C:\Play;C:\Program Files (x86)\SSH Communications Security\SSH Secure Shell;C:\Program Files (x86)\CVSNT\
USERNAME=HuangJ
OS=Windows_NT
PROCESSOR_IDENTIFIER=Intel64 Family 6 Model 58 Stepping 9, GenuineIntel



---------------  S Y S T E M  ---------------

OS: Windows 7 , 64 bit Build 7601 Service Pack 1

CPU:total 8 (4 cores per cpu, 2 threads per core) family 6 model 58 stepping 9, cmov, cx8, fxsr, mmx, sse, sse2, sse3, ssse3, sse4.1, sse4.2, popcnt, avx, ht, tsc, tscinvbit, tscinv

Memory: 4k page, physical 16715728k(11747884k free), swap 33429604k(27525512k free)

vm_info: Java HotSpot(TM) 64-Bit Server VM (23.5-b02) for windows-amd64 JRE (1.7.0_09-b05), built on Sep 24 2012 21:45:04 by "java_re" with unknown MS VC++:1600

time: Tue Feb 05 23:21:52 2013
elapsed time: 0 seconds

